<?xml version="1.0" encoding="UTF-8"?>
<!-- Generated by org.testng.reporters.JUnitReportReporter -->
<testsuite hostname="WIN-GLF10487UOQ" failures="0" tests="3" name="week8.NewTest" time="7.992" errors="0" timestamp="2022-02-11T10:42:42 PST" skipped="0">
  <testcase classname="week8.NewTest" name="CustomerTransaction" time="2.716"/>
  <testcase classname="week8.NewTest" name="CustomerRegistration" time="3.623"/>
  <testcase classname="week8.NewTest" name="BankUserLogin" time="1.653"/>
</testsuite> <!-- week8.NewTest -->
